  8.000000000000002E-002 -0.390311031066582                1
  8.000000000000002E-002 -0.342744591457290                2
  8.000000000000002E-002 -0.332028566165691                3
  8.000000000000002E-002 -0.106576038036841                4
  8.000000000000002E-002 -0.106172697208359                5
  8.000000000000002E-002 -8.794933986955150E-002           6
  8.000000000000002E-002 -9.278151886402377E-003           7
  8.000000000000002E-002  5.982815888672039E-004           8
  8.000000000000002E-002  2.356855765556876E-003           9
  8.000000000000002E-002  2.387038552878868E-003          10
  8.000000000000002E-002  3.270779634236934E-003          11
  8.000000000000002E-002  3.312534286263494E-003          12
  8.000000000000002E-002  3.879887311776014E-003          13
  8.000000000000002E-002  3.902856024205401E-003          14
  8.000000000000002E-002  4.242981660394470E-003          15
  8.000000000000002E-002  4.561403704354917E-003          16
  8.000000000000002E-002  4.568409066414966E-003          17
  8.000000000000002E-002  5.437667811764738E-003          18
  8.000000000000002E-002  5.623460481148208E-003          19
  8.000000000000002E-002  9.840467524647824E-003          20
  8.000000000000002E-002  9.857705905405129E-003          21
  8.000000000000002E-002  1.278719479194160E-002          22
  8.000000000000002E-002  1.289662974814880E-002          23
  8.000000000000002E-002  1.541593993364956E-002          24
  8.000000000000002E-002  1.601744225280227E-002          25
  8.000000000000002E-002  1.683648372153526E-002          26
  8.000000000000002E-002  2.056936758617048E-002          27
  8.000000000000002E-002  2.350852985743298E-002          28
  8.000000000000002E-002  3.620008462857386E-002          29
  8.000000000000002E-002  3.620366097434077E-002          30
  8.000000000000002E-002  3.801870010149374E-002          31
  8.000000000000002E-002  5.599414891945989E-002          32
  8.000000000000002E-002  5.672018433676439E-002          33
  8.000000000000002E-002  0.181749226651605               34
  8.000000000000002E-002  0.182097910498539               35
  8.000000000000002E-002  0.456104630031079               36
  0.160000000000000      -0.386704940942366                1
  0.160000000000000      -0.373090071470860                2
  0.160000000000000      -0.363995591191183                3
  0.160000000000000      -0.145932317987229                4
  0.160000000000000      -0.127878058165465                5
  0.160000000000000      -7.358418528315462E-002           6
  0.160000000000000      -2.831301283742769E-002           7
  0.160000000000000      -1.666290978482251E-002           8
  0.160000000000000       5.422075827541222E-003           9
  0.160000000000000       5.478392290878982E-003          10
  0.160000000000000       7.260469078119047E-003          11
  0.160000000000000       7.313093546277008E-003          12
  0.160000000000000       8.306862717102971E-003          13
  0.160000000000000       8.593950261278439E-003          14
  0.160000000000000       8.680890359708666E-003          15
  0.160000000000000       9.887728573521711E-003          16
  0.160000000000000       9.923502554913637E-003          17
  0.160000000000000       1.174502378174489E-002          18
  0.160000000000000       1.184244581417806E-002          19
  0.160000000000000       1.503625928424305E-002          20
  0.160000000000000       1.505320621831878E-002          21
  0.160000000000000       1.932290013942727E-002          22
  0.160000000000000       1.937430771023591E-002          23
  0.160000000000000       2.327585888071980E-002          24
  0.160000000000000       2.436513066910223E-002          25
  0.160000000000000       2.470375438772798E-002          26
  0.160000000000000       2.772815475312707E-002          27
  0.160000000000000       3.315824419556563E-002          28
  0.160000000000000       4.382197390496981E-002          29
  0.160000000000000       4.872118795539958E-002          30
  0.160000000000000       4.872527831311692E-002          31
  0.160000000000000       7.955179043053405E-002          32
  0.160000000000000       7.955996109812775E-002          33
  0.160000000000000       0.189015321574819               34
  0.160000000000000       0.189409989754205               35
  0.160000000000000       0.437568533958990               36
  0.240000000000000      -0.419404063605898                1
  0.240000000000000      -0.398541085763742                2
  0.240000000000000      -0.390472801839722                3
  0.240000000000000      -0.179334063207109                4
  0.240000000000000      -0.161684197850326                5
  0.240000000000000      -5.744851468232879E-002           6
  0.240000000000000      -4.818054740195596E-002           7
  0.240000000000000      -3.566854412612784E-002           8
  0.240000000000000      -6.312361153240220E-003           9
  0.240000000000000       7.752245449398418E-003          10
  0.240000000000000       7.810511172582841E-003          11
  0.240000000000000       1.004632068170040E-002          12
  0.240000000000000       1.006787949971015E-002          13
  0.240000000000000       1.154746841128197E-002          14
  0.240000000000000       1.187460645313213E-002          15
  0.240000000000000       1.267248151757029E-002          16
  0.240000000000000       1.359440621862432E-002          17
  0.240000000000000       1.361551590106316E-002          18
  0.240000000000000       1.623501824124781E-002          19
  0.240000000000000       1.650520906473433E-002          20
  0.240000000000000       2.002989939051066E-002          21
  0.240000000000000       2.004770598444612E-002          22
  0.240000000000000       2.575723572757060E-002          23
  0.240000000000000       2.578197147034048E-002          24
  0.240000000000000       3.399323188126748E-002          25
  0.240000000000000       3.428925605146922E-002          26
  0.240000000000000       4.178385627769249E-002          27
  0.240000000000000       4.918627091072000E-002          28
  0.240000000000000       5.869172530669253E-002          29
  0.240000000000000       5.869616559908916E-002          30
  0.240000000000000       6.334249354759437E-002          31
  0.240000000000000       9.949720182499958E-002          32
  0.240000000000000       9.970149571139061E-002          33
  0.240000000000000       0.191463234122294               34
  0.240000000000000       0.191867745066753               35
  0.240000000000000       0.425378603007747               36
  0.320000000000000      -0.457907231035189                1
  0.320000000000000      -0.420674413010834                2
  0.320000000000000      -0.413499153810957                3
  0.320000000000000      -0.207026272591362                4
  0.320000000000000      -0.189559000078445                5
  0.320000000000000      -6.888837173220010E-002           6
  0.320000000000000      -5.684995905303351E-002           7
  0.320000000000000      -5.320047841621396E-002           8
  0.320000000000000      -4.094564712704950E-002           9
  0.320000000000000       1.001824611337564E-002          10
  0.320000000000000       1.007821903673057E-002          11
  0.320000000000000       1.272809218045201E-002          12
  0.320000000000000       1.274870541331386E-002          13
  0.320000000000000       1.482515228452393E-002          14
  0.320000000000000       1.508164644760276E-002          15
  0.320000000000000       1.634708689956884E-002          16
  0.320000000000000       1.739285959577241E-002          17
  0.320000000000000       1.761351872963458E-002          18
  0.320000000000000       2.094258527625228E-002          19
  0.320000000000000       2.153787480335529E-002          20
  0.320000000000000       2.492409816246288E-002          21
  0.320000000000000       2.494310063563349E-002          22
  0.320000000000000       3.218965684884346E-002          23
  0.320000000000000       3.220194506625436E-002          24
  0.320000000000000       4.454536025412907E-002          25
  0.320000000000000       4.488983284539222E-002          26
  0.320000000000000       5.994599280697162E-002          27
  0.320000000000000       6.623905487324751E-002          28
  0.320000000000000       6.624370472350721E-002          29
  0.320000000000000       6.961124397261632E-002          30
  0.320000000000000       7.542675027733910E-002          31
  0.320000000000000       0.115741826469721               32
  0.320000000000000       0.116032058748957               33
  0.320000000000000       0.191277783259116               34
  0.320000000000000       0.191661213227959               35
  0.320000000000000       0.415056610423024               36
  0.400000000000000      -0.496192691520042                1
  0.400000000000000      -0.440210527561424                2
  0.400000000000000      -0.433818109974139                3
  0.400000000000000      -0.230364255195734                4
  0.400000000000000      -0.213102539790938                5
  0.400000000000000      -8.929068587657153E-002           6
  0.400000000000000      -7.849371104763156E-002           7
  0.400000000000000      -7.635135104436855E-002           8
  0.400000000000000      -5.532970597692718E-002           9
  0.400000000000000       1.242526222213727E-002          10
  0.400000000000000       1.249021454148845E-002          11
  0.400000000000000       1.563795043435035E-002          12
  0.400000000000000       1.565747141379198E-002          13
  0.400000000000000       1.846845874183948E-002          14
  0.400000000000000       1.866408167113625E-002          15
  0.400000000000000       2.079894167009474E-002          16
  0.400000000000000       2.178757095919322E-002          17
  0.400000000000000       2.242824390593411E-002          18
  0.400000000000000       2.655727862937882E-002          19
  0.400000000000000       2.813472392854815E-002          20
  0.400000000000000       2.921116544071153E-002          21
  0.400000000000000       2.923019299795552E-002          22
  0.400000000000000       3.770916362399596E-002          23
  0.400000000000000       3.771604070385755E-002          24
  0.400000000000000       5.437466671158993E-002          25
  0.400000000000000       5.485299301886321E-002          26
  0.400000000000000       7.204889561175001E-002          27
  0.400000000000000       7.205383789439362E-002          28
  0.400000000000000       7.903460042861064E-002          29
  0.400000000000000       8.014331156821501E-002          30
  0.400000000000000       9.192508026490527E-002          31
  0.400000000000000       0.128820297926043               32
  0.400000000000000       0.129151449655423               33
  0.400000000000000       0.189737704548871               34
  0.400000000000000       0.190089617086741               35
  0.400000000000000       0.404807715024719               36
  0.480000000000000      -0.457519517698158                1
  0.480000000000000      -0.451706953587940                2
  0.480000000000000      -0.249529471357438                3
  0.480000000000000      -0.232512018762388                4
  0.480000000000000      -0.114024153754163                5
  0.480000000000000      -0.109343242865585                6
  0.480000000000000      -9.619849275121618E-002           7
  0.480000000000000      -6.078733312138673E-002           8
  0.480000000000000       1.471487972698971E-002           9
  0.480000000000000       1.478220164206144E-002          10
  0.480000000000000       1.834399960854829E-002          11
  0.480000000000000       1.836267607138791E-002          12
  0.480000000000000       2.192604059086096E-002          13
  0.480000000000000       2.206881058893613E-002          14
  0.480000000000000       2.531354594261947E-002          15
  0.480000000000000       2.612510242671317E-002          16
  0.480000000000000       2.746835806474439E-002          17
  0.480000000000000       3.233881150862911E-002          18
  0.480000000000000       3.315376234338928E-002          19
  0.480000000000000       3.317283953651141E-002          20
  0.480000000000000       3.632142199217641E-002          21
  0.480000000000000       4.285236708501813E-002          22
  0.480000000000000       4.285684863134819E-002          23
  0.480000000000000       6.423443489914707E-002          24
  0.480000000000000       6.513971333110612E-002          25
  0.480000000000000       7.617880866256167E-002          26
  0.480000000000000       7.618390412949876E-002          27
  0.480000000000000       7.817717202106891E-002          28
  0.480000000000000       0.104428783035394               29
  0.480000000000000       0.118532202709505               30
  0.480000000000000       0.138706157811192               31
  0.480000000000000       0.139047345768375               32
  0.480000000000000       0.187904979495190               33
  0.480000000000000       0.188227447672436               34
  0.480000000000000       0.394515047379683               35
  0.480000000000000       0.469109700500933               36
  0.560000000000000      -0.472978956175463                1
  0.560000000000000      -0.467589450409490                2
  0.560000000000000      -0.264786063213617                3
  0.560000000000000      -0.247986404573695                4
  0.560000000000000      -0.147310355238874                5
  0.560000000000000      -0.129199438396646                6
  0.560000000000000      -0.115993583339931                7
  0.560000000000000      -6.754103187337168E-002           8
  0.560000000000000       1.687055712470879E-002           9
  0.560000000000000       1.693778053932591E-002          10
  0.560000000000000       2.085217779257828E-002          11
  0.560000000000000       2.087003501785482E-002          12
  0.560000000000000       2.523689395790429E-002          13
  0.560000000000000       2.533464328482635E-002          14
  0.560000000000000       2.990062575974025E-002          15
  0.560000000000000       3.048005263303255E-002          16
  0.560000000000000       3.291639800744753E-002          17
  0.560000000000000       3.679471948847807E-002          18
  0.560000000000000       3.681426377139093E-002          19
  0.560000000000000       3.847794013681463E-002          20
  0.560000000000000       4.757653661956487E-002          21
  0.560000000000000       4.758032179993699E-002          22
  0.560000000000000       4.828913212565752E-002          23
  0.560000000000000       6.979251434115766E-002          24
  0.560000000000000       7.532448120610756E-002          25
  0.560000000000000       7.731724782205193E-002          26
  0.560000000000000       7.880844507447217E-002          27
  0.560000000000000       7.881328149375591E-002          28
  0.560000000000000       0.131582324620281               29
  0.560000000000000       0.145922370419616               30
  0.560000000000000       0.146251547702856               31
  0.560000000000000       0.147893136685590               32
  0.560000000000000       0.186051101855180               33
  0.560000000000000       0.186338335691287               34
  0.560000000000000       0.384861064101807               35
  0.560000000000000       0.437858005326845               36
  0.640000000000000      -0.486930618573064                1
  0.640000000000000      -0.481903245661841                2
  0.640000000000000      -0.275374666604104                3
  0.640000000000000      -0.258673868275455                4
  0.640000000000000      -0.175416809116914                5
  0.640000000000000      -0.148785320885562                6
  0.640000000000000      -0.135601197010729                7
  0.640000000000000      -7.491758430814933E-002           8
  0.640000000000000       1.898402636274813E-002           9
  0.640000000000000       1.905183806814409E-002          10
  0.640000000000000       2.329800515593188E-002          11
  0.640000000000000       2.331572129607937E-002          12
  0.640000000000000       2.852727460967102E-002          13
  0.640000000000000       2.859629588524207E-002          14
  0.640000000000000       3.461486621810106E-002          15
  0.640000000000000       3.498972765140883E-002          16
  0.640000000000000       3.891871492912694E-002          17
  0.640000000000000       3.998670829156601E-002          18
  0.640000000000000       4.000659631482924E-002          19
  0.640000000000000       4.519817803642712E-002          20
  0.640000000000000       5.170011344715996E-002          21
  0.640000000000000       5.170380091292613E-002          22
  0.640000000000000       6.262987145013177E-002          23
  0.640000000000000       6.977914878908353E-002          24
  0.640000000000000       8.033758431823611E-002          25
  0.640000000000000       8.034190831057346E-002          26
  0.640000000000000       8.527799718553424E-002          27
  0.640000000000000       8.567295797209049E-002          28
  0.640000000000000       0.151227041896401               29
  0.640000000000000       0.151520815291103               30
  0.640000000000000       0.161629232170468               31
  0.640000000000000       0.179964195429836               32
  0.640000000000000       0.184279311151052               33
  0.640000000000000       0.184527142180343               34
  0.640000000000000       0.377101776642814               35
  0.640000000000000       0.411386445973076               36
  0.720000000000000      -0.499582137809675                1
  0.720000000000000      -0.494883781845778                2
  0.720000000000000      -0.287705943805966                3
  0.720000000000000      -0.271350250613777                4
  0.720000000000000      -0.190002447262781                5
  0.720000000000000      -0.167890596323811                6
  0.720000000000000      -0.154740424123786                7
  0.720000000000000      -8.443739618933520E-002           8
  0.720000000000000       2.106980522033114E-002           9
  0.720000000000000       2.113946468995895E-002          10
  0.720000000000000       2.570147307425539E-002          11
  0.720000000000000       2.571956959407211E-002          12
  0.720000000000000       3.181575013031755E-002          13
  0.720000000000000       3.186598878884422E-002          14
  0.720000000000000       3.944752879404353E-002          15
  0.720000000000000       3.965528196767818E-002          16
  0.720000000000000       4.260081073234571E-002          17
  0.720000000000000       4.262071680995425E-002          18
  0.720000000000000       4.552617854997051E-002          19
  0.720000000000000       5.034926022017478E-002          20
  0.720000000000000       5.255587674746222E-002          21
  0.720000000000000       5.472379191786075E-002          22
  0.720000000000000       5.472745417166000E-002          23
  0.720000000000000       8.106711614493396E-002          24
  0.720000000000000       8.107193437007593E-002          25
  0.720000000000000       9.222435808423934E-002          26
  0.720000000000000       9.236608207203939E-002          27
  0.720000000000000       0.122846078651405               28
  0.720000000000000       0.155312917710817               29
  0.720000000000000       0.155361597483760               30
  0.720000000000000       0.181986256695357               31
  0.720000000000000       0.182275361894054               32
  0.720000000000000       0.182485739183017               33
  0.720000000000000       0.200379112447181               34
  0.720000000000000       0.376424149902741               35
  0.720000000000000       0.383093833752929               36
  0.800000000000000      -0.292013939951281                1
  0.800000000000000      -0.275993488962689                2
  0.800000000000000      -0.186376506914689                3
  0.800000000000000      -0.173268990292579                4
  0.800000000000000      -0.155125426947729                5
  0.800000000000000      -9.249309487039425E-002           6
  0.800000000000000       2.305293814938628E-002           7
  0.800000000000000       2.312416689174377E-002           8
  0.800000000000000       2.794915042050921E-002           9
  0.800000000000000       2.796763771092041E-002          10
  0.800000000000000       3.497596606913241E-002          11
  0.800000000000000       3.501235018581803E-002          12
  0.800000000000000       3.682690231504936E-002          13
  0.800000000000000       4.426318216978931E-002          14
  0.800000000000000       4.433775365938239E-002          15
  0.800000000000000       4.477879970791520E-002          16
  0.800000000000000       4.479848745775215E-002          17
  0.800000000000000       5.273842082263219E-002          18
  0.800000000000000       5.742522769466400E-002          19
  0.800000000000000       5.742892580512295E-002          20
  0.800000000000000       6.053937628770991E-002          21
  0.800000000000000       8.114163466018080E-002          22
  0.800000000000000       8.115481944359228E-002          23
  0.800000000000000       0.100471481977198               24
  0.800000000000000       0.100497879466246               25
  0.800000000000000       0.157619494877207               26
  0.800000000000000       0.158104372890272               27
  0.800000000000000       0.180796746364276               28
  0.800000000000000       0.180970597180824               29
  0.800000000000000       0.209314196245852               30
  0.800000000000000       0.228175610073576               31
  0.800000000000000       0.272166866859713               32
  0.800000000000000       0.362641344372944               33
  0.800000000000000       0.468906184630825               34
  0.800000000000000       0.488968846002893               35
  0.800000000000000       0.493405474532921               36
  0.880000000000000      -0.390397600894128                1
  0.880000000000000      -0.294705316504632                2
  0.880000000000000      -0.279052996674576                3
  0.880000000000000      -0.204437179078677                4
  0.880000000000000      -0.191352327315628                5
  0.880000000000000      -0.106109331876395                6
  0.880000000000000      -7.126639910869233E-002           7
  0.880000000000000       2.161711546822885E-002           8
  0.880000000000000       2.485952851603023E-002           9
  0.880000000000000       2.493113982290695E-002          10
  0.880000000000000       2.986806731093216E-002          11
  0.880000000000000       2.988666648167065E-002          12
  0.880000000000000       3.760821701252291E-002          13
  0.880000000000000       3.763636132323252E-002          14
  0.880000000000000       4.653614348070544E-002          15
  0.880000000000000       4.655591346754002E-002          16
  0.880000000000000       4.822321910877425E-002          17
  0.880000000000000       4.825008668319202E-002          18
  0.880000000000000       5.910537638684402E-002          19
  0.880000000000000       5.951215048892307E-002          20
  0.880000000000000       5.951593007294865E-002          21
  0.880000000000000       6.743264902829273E-002          22
  0.880000000000000       8.066871844838047E-002          23
  0.880000000000000       8.071016838554648E-002          24
  0.880000000000000       0.107549735072958               25
  0.880000000000000       0.107585728007048               26
  0.880000000000000       0.159207967387456               27
  0.880000000000000       0.159605006430047               28
  0.880000000000000       0.179432818390782               29
  0.880000000000000       0.179573263145046               30
  0.880000000000000       0.231536996393687               31
  0.880000000000000       0.250211673753241               32
  0.880000000000000       0.310443634617048               33
  0.880000000000000       0.345009435468111               34
  0.880000000000000       0.478485642335890               35
  0.880000000000000       0.482725983280615               36
  0.960000000000000      -0.379368111924225                1
  0.960000000000000      -0.294699765676470                2
  0.960000000000000      -0.279413205417848                3
  0.960000000000000      -0.221781886852098                4
  0.960000000000000      -0.208746606190784                5
  0.960000000000000      -0.114711422114010                6
  0.960000000000000      -3.567539284667775E-002           7
  0.960000000000000       5.503614255036014E-003           8
  0.960000000000000       2.653140437735897E-002           9
  0.960000000000000       2.660282349537777E-002          10
  0.960000000000000       3.162448962897192E-002          11
  0.960000000000000       3.164308467429633E-002          12
  0.960000000000000       4.019534397670115E-002          13
  0.960000000000000       4.021580903078792E-002          14
  0.960000000000000       4.788795246767903E-002          15
  0.960000000000000       4.790787479361469E-002          16
  0.960000000000000       5.234736314147259E-002          17
  0.960000000000000       5.244444842784890E-002          18
  0.960000000000000       6.108080742515252E-002          19
  0.960000000000000       6.108471095143248E-002          20
  0.960000000000000       6.676608958343744E-002          21
  0.960000000000000       7.553061700291865E-002          22
  0.960000000000000       7.985950667315034E-002          23
  0.960000000000000       8.016045686182013E-002          24
  0.960000000000000       0.113982880118313               25
  0.960000000000000       0.114060114228363               26
  0.960000000000000       0.160439675683466               27
  0.960000000000000       0.160805773333658               28
  0.960000000000000       0.178192448144867               29
  0.960000000000000       0.178299974439626               30
  0.960000000000000       0.249863628405973               31
  0.960000000000000       0.267968380124504               32
  0.960000000000000       0.306522887350209               33
  0.960000000000000       0.330229793337423               34
  0.960000000000000       0.469077669575357               35
  0.960000000000000       0.473206306955618               36
   1.04000000000000      -0.395032295795865                1
   1.04000000000000      -0.289100762178716                2
   1.04000000000000      -0.273948982018960                3
   1.04000000000000      -0.238562664104444                4
   1.04000000000000      -0.225594947570447                5
   1.04000000000000      -0.124251581301663                6
   1.04000000000000      -2.012867554195803E-002           7
   1.04000000000000      -1.079895100562915E-002           8
   1.04000000000000       2.806594642331390E-002           9
   1.04000000000000       2.813751762898184E-002          10
   1.04000000000000       3.317154565032580E-002          11
   1.04000000000000       3.319023505819336E-002          12
   1.04000000000000       4.251031531948609E-002          13
   1.04000000000000       4.252564056202545E-002          14
   1.04000000000000       4.882664008900835E-002          15
   1.04000000000000       4.884662674925418E-002          16
   1.04000000000000       5.613005919265189E-002          17
   1.04000000000000       5.627356264712440E-002          18
   1.04000000000000       6.218742391093716E-002          19
   1.04000000000000       6.219154634138965E-002          20
   1.04000000000000       7.426533806600535E-002          21
   1.04000000000000       7.823017527620840E-002          22
   1.04000000000000       7.909778513888546E-002          23
   1.04000000000000       8.486756976648828E-002          24
   1.04000000000000       0.120508087167588               25
   1.04000000000000       0.120615313467603               26
   1.04000000000000       0.161198906401791               27
   1.04000000000000       0.161547489521357               28
   1.04000000000000       0.177194243354613               29
   1.04000000000000       0.177266580753701               30
   1.04000000000000       0.266365918641949               31
   1.04000000000000       0.283944462712229               32
   1.04000000000000       0.298109837338689               33
   1.04000000000000       0.319058122191630               34
   1.04000000000000       0.460517407956916               35
   1.04000000000000       0.464571880621745               36
   1.12000000000000      -0.416260106543801                1
   1.12000000000000      -0.373214020950780                2
   1.12000000000000      -0.346924677729997                3
   1.12000000000000      -0.254713922220593                4
   1.12000000000000      -0.241817221899919                5
   1.12000000000000      -0.156653160343873                6
   1.12000000000000      -2.780909631412662E-002           7
   1.12000000000000      -1.182164887952401E-002           8
   1.12000000000000       2.945593471310238E-002           9
   1.12000000000000       2.952821411413923E-002          10
   1.12000000000000       3.451897914107189E-002          11
   1.12000000000000       3.453789955412920E-002          12
   1.12000000000000       4.458694362489282E-002          13
   1.12000000000000       4.459862757962887E-002          14
   1.12000000000000       4.926460198826783E-002          15
   1.12000000000000       4.928482609237108E-002          16
   1.12000000000000       5.963489261969444E-002          17
   1.12000000000000       5.980577192700363E-002          18
   1.12000000000000       6.082555236379850E-002          19
   1.12000000000000       6.082954954884883E-002          20
   1.12000000000000       7.689265365709815E-002          21
   1.12000000000000       7.714785063519573E-002          22
   1.12000000000000       8.338185503233593E-002          23
   1.12000000000000       9.351920172893526E-002          24
   1.12000000000000       0.106590264123886               25
   1.12000000000000       0.106879780625476               26
   1.12000000000000       0.161676501570746               27
   1.12000000000000       0.162014448877337               28
   1.12000000000000       0.172645598243926               29
   1.12000000000000       0.172701965683524               30
   1.12000000000000       0.214072998512204               31
   1.12000000000000       0.238225563145719               32
   1.12000000000000       0.254267757663775               33
   1.12000000000000       0.297511890383892               34
   1.12000000000000       0.452763062915172               35
   1.12000000000000       0.456764942856702               36
   1.20000000000000      -0.438565329230730                1
   1.20000000000000      -0.309742510188739                2
   1.20000000000000      -0.295559965850693                3
   1.20000000000000      -0.270019306336679                4
   1.20000000000000      -0.257168096951077                5
   1.20000000000000      -0.155532601663759                6
   1.20000000000000      -4.286436422096204E-002           7
   1.20000000000000      -7.719960200898476E-003           8
   1.20000000000000       3.067427708603829E-002           9
   1.20000000000000       3.074735224663235E-002          10
   1.20000000000000       3.563586046035488E-002          11
   1.20000000000000       3.565502337548949E-002          12
   1.20000000000000       4.639520126456002E-002          13
   1.20000000000000       4.640424438010410E-002          14
   1.20000000000000       4.955877645857876E-002          15
   1.20000000000000       4.957853294052282E-002          16
   1.20000000000000       6.245057010300765E-002          17
   1.20000000000000       6.245468836177696E-002          18
   1.20000000000000       6.283146090268650E-002          19
   1.20000000000000       6.301457191360225E-002          20
   1.20000000000000       7.574737156798290E-002          21
   1.20000000000000       7.581600543706593E-002          22
   1.20000000000000       9.174745580322841E-002          23
   1.20000000000000       0.102736112133659               24
   1.20000000000000       0.124196993437876               25
   1.20000000000000       0.124338737107821               26
   1.20000000000000       0.161997373882548               27
   1.20000000000000       0.162329037872138               28
   1.20000000000000       0.173409757350562               29
   1.20000000000000       0.173453944805297               30
   1.20000000000000       0.265823450927107               31
   1.20000000000000       0.268662990724409               32
   1.20000000000000       0.281126025716663               33
   1.20000000000000       0.290924547864312               34
   1.20000000000000       0.445811533801977               35
   1.20000000000000       0.449791398483581               36
